[0.706s] DEBUG:colcon:Command line arguments: ['/usr/bin/colcon', 'build']
[0.706s] DEBUG:colcon:Parsed command line arguments: Namespace(log_base=None, log_level=None, verb_name='build', build_base='build', install_base='install', merge_install=False, symlink_install=False, test_result_base=None, continue_on_error=False, executor='parallel', parallel_workers=2, event_handlers=None, ignore_user_meta=False, metas=['./colcon.meta'], base_paths=['.'], packages_ignore=None, packages_ignore_regex=None, paths=None, packages_up_to=None, packages_up_to_regex=None, packages_above=None, packages_above_and_dependencies=None, packages_above_depth=None, packages_select_by_dep=None, packages_skip_by_dep=None, packages_skip_up_to=None, packages_select_build_failed=False, packages_skip_build_finished=False, packages_select_test_failures=False, packages_skip_test_passed=False, packages_select=None, packages_skip=None, packages_select_regex=None, packages_skip_regex=None, packages_start=None, packages_end=None, allow_overriding=[], cmake_args=None, cmake_target=None, cmake_target_skip_unavailable=False, cmake_clean_cache=False, cmake_clean_first=False, cmake_force_configure=False, ament_cmake_args=None, catkin_cmake_args=None, catkin_skip_building_tests=False, verb_parser=<colcon_defaults.argument_parser.defaults.DefaultArgumentsDecorator object at 0xffff9e30a6e0>, verb_extension=<colcon_core.verb.build.BuildVerb object at 0xffff9e82b7f0>, main=<bound method BuildVerb.main of <colcon_core.verb.build.BuildVerb object at 0xffff9e82b7f0>>)
[0.743s] Level 1:colcon.colcon_core.package_discovery:discover_packages(colcon_meta) check parameters
[0.743s] Level 1:colcon.colcon_core.package_discovery:discover_packages(recursive) check parameters
[0.743s] Level 1:colcon.colcon_core.package_discovery:discover_packages(ignore) check parameters
[0.743s] Level 1:colcon.colcon_core.package_discovery:discover_packages(path) check parameters
[0.743s] Level 1:colcon.colcon_core.package_discovery:discover_packages(colcon_meta) discover
[0.743s] Level 1:colcon.colcon_core.package_discovery:discover_packages(recursive) discover
[0.743s] INFO:colcon.colcon_core.package_discovery:Crawling recursively for packages in '/home/timi/Dev/ROS2-Publisher'
[0.743s] Level 1:colcon.colcon_core.package_identification:_identify(.) by extensions ['ignore', 'ignore_ament_install']
[0.743s] Level 1:colcon.colcon_core.package_identification:_identify(.) by extension 'ignore'
[0.743s] Level 1:colcon.colcon_core.package_identification:_identify(.) by extension 'ignore_ament_install'
[0.743s] Level 1:colcon.colcon_core.package_identification:_identify(.) by extensions ['colcon_pkg']
[0.743s] Level 1:colcon.colcon_core.package_identification:_identify(.) by extension 'colcon_pkg'
[0.743s] Level 1:colcon.colcon_core.package_identification:_identify(.) by extensions ['colcon_meta']
[0.743s] Level 1:colcon.colcon_core.package_identification:_identify(.) by extension 'colcon_meta'
[0.743s] Level 1:colcon.colcon_core.package_identification:_identify(.) by extensions ['ros']
[0.743s] Level 1:colcon.colcon_core.package_identification:_identify(.) by extension 'ros'
[0.754s] Level 1:colcon.colcon_core.package_identification:_identify(.) by extensions ['cmake', 'python']
[0.754s] Level 1:colcon.colcon_core.package_identification:_identify(.) by extension 'cmake'
[0.754s] Level 1:colcon.colcon_core.package_identification:_identify(.) by extension 'python'
[0.754s] Level 1:colcon.colcon_core.package_identification:_identify(.) by extensions ['python_setup_py']
[0.754s] Level 1:colcon.colcon_core.package_identification:_identify(.) by extension 'python_setup_py'
[0.754s] Level 1:colcon.colcon_core.package_identification:_identify(build) by extensions ['ignore', 'ignore_ament_install']
[0.754s] Level 1:colcon.colcon_core.package_identification:_identify(build) by extension 'ignore'
[0.755s] Level 1:colcon.colcon_core.package_identification:_identify(build) ignored
[0.755s] Level 1:colcon.colcon_core.package_identification:_identify(install) by extensions ['ignore', 'ignore_ament_install']
[0.755s] Level 1:colcon.colcon_core.package_identification:_identify(install) by extension 'ignore'
[0.755s] Level 1:colcon.colcon_core.package_identification:_identify(install) ignored
[0.755s] Level 1:colcon.colcon_core.package_identification:_identify(log) by extensions ['ignore', 'ignore_ament_install']
[0.755s] Level 1:colcon.colcon_core.package_identification:_identify(log) by extension 'ignore'
[0.755s] Level 1:colcon.colcon_core.package_identification:_identify(log) ignored
[0.755s] Level 1:colcon.colcon_core.package_identification:_identify(src) by extensions ['ignore', 'ignore_ament_install']
[0.755s] Level 1:colcon.colcon_core.package_identification:_identify(src) by extension 'ignore'
[0.755s] Level 1:colcon.colcon_core.package_identification:_identify(src) by extension 'ignore_ament_install'
[0.755s] Level 1:colcon.colcon_core.package_identification:_identify(src) by extensions ['colcon_pkg']
[0.755s] Level 1:colcon.colcon_core.package_identification:_identify(src) by extension 'colcon_pkg'
[0.755s] Level 1:colcon.colcon_core.package_identification:_identify(src) by extensions ['colcon_meta']
[0.755s] Level 1:colcon.colcon_core.package_identification:_identify(src) by extension 'colcon_meta'
[0.755s] Level 1:colcon.colcon_core.package_identification:_identify(src) by extensions ['ros']
[0.755s] Level 1:colcon.colcon_core.package_identification:_identify(src) by extension 'ros'
[0.755s] Level 1:colcon.colcon_core.package_identification:_identify(src) by extensions ['cmake', 'python']
[0.755s] Level 1:colcon.colcon_core.package_identification:_identify(src) by extension 'cmake'
[0.755s] Level 1:colcon.colcon_core.package_identification:_identify(src) by extension 'python'
[0.755s] Level 1:colcon.colcon_core.package_identification:_identify(src) by extensions ['python_setup_py']
[0.755s] Level 1:colcon.colcon_core.package_identification:_identify(src) by extension 'python_setup_py'
[0.756s] Level 1:colcon.colcon_core.package_identification:_identify(src/simple_subscriber_py) by extensions ['ignore', 'ignore_ament_install']
[0.756s] Level 1:colcon.colcon_core.package_identification:_identify(src/simple_subscriber_py) by extension 'ignore'
[0.756s] Level 1:colcon.colcon_core.package_identification:_identify(src/simple_subscriber_py) by extension 'ignore_ament_install'
[0.756s] Level 1:colcon.colcon_core.package_identification:_identify(src/simple_subscriber_py) by extensions ['colcon_pkg']
[0.756s] Level 1:colcon.colcon_core.package_identification:_identify(src/simple_subscriber_py) by extension 'colcon_pkg'
[0.756s] Level 1:colcon.colcon_core.package_identification:_identify(src/simple_subscriber_py) by extensions ['colcon_meta']
[0.756s] Level 1:colcon.colcon_core.package_identification:_identify(src/simple_subscriber_py) by extension 'colcon_meta'
[0.756s] Level 1:colcon.colcon_core.package_identification:_identify(src/simple_subscriber_py) by extensions ['ros']
[0.756s] Level 1:colcon.colcon_core.package_identification:_identify(src/simple_subscriber_py) by extension 'ros'
[0.759s] DEBUG:colcon.colcon_core.package_identification:Package 'src/simple_subscriber_py' with type 'ros.ament_python' and name 'simple_subscriber_py'
[0.760s] Level 1:colcon.colcon_core.package_discovery:discover_packages(recursive) using defaults
[0.760s] Level 1:colcon.colcon_core.package_discovery:discover_packages(ignore) discover
[0.760s] Level 1:colcon.colcon_core.package_discovery:discover_packages(ignore) using defaults
[0.760s] Level 1:colcon.colcon_core.package_discovery:discover_packages(path) discover
[0.760s] Level 1:colcon.colcon_core.package_discovery:discover_packages(path) using defaults
[0.830s] Level 1:colcon.colcon_core.package_discovery:discover_packages(prefix_path) check parameters
[0.830s] Level 1:colcon.colcon_core.package_discovery:discover_packages(prefix_path) discover
[0.853s] DEBUG:colcon.colcon_installed_package_information.package_discovery:Found 332 installed packages in /opt/ros/humble
[0.856s] Level 1:colcon.colcon_core.package_discovery:discover_packages(prefix_path) using defaults
[1.007s] Level 5:colcon.colcon_core.verb:set package 'simple_subscriber_py' build argument 'cmake_args' from command line to 'None'
[1.007s] Level 5:colcon.colcon_core.verb:set package 'simple_subscriber_py' build argument 'cmake_target' from command line to 'None'
[1.007s] Level 5:colcon.colcon_core.verb:set package 'simple_subscriber_py' build argument 'cmake_target_skip_unavailable' from command line to 'False'
[1.007s] Level 5:colcon.colcon_core.verb:set package 'simple_subscriber_py' build argument 'cmake_clean_cache' from command line to 'False'
[1.007s] Level 5:colcon.colcon_core.verb:set package 'simple_subscriber_py' build argument 'cmake_clean_first' from command line to 'False'
[1.007s] Level 5:colcon.colcon_core.verb:set package 'simple_subscriber_py' build argument 'cmake_force_configure' from command line to 'False'
[1.007s] Level 5:colcon.colcon_core.verb:set package 'simple_subscriber_py' build argument 'ament_cmake_args' from command line to 'None'
[1.007s] Level 5:colcon.colcon_core.verb:set package 'simple_subscriber_py' build argument 'catkin_cmake_args' from command line to 'None'
[1.007s] Level 5:colcon.colcon_core.verb:set package 'simple_subscriber_py' build argument 'catkin_skip_building_tests' from command line to 'False'
[1.007s] DEBUG:colcon.colcon_core.verb:Building package 'simple_subscriber_py' with the following arguments: {'ament_cmake_args': None, 'build_base': '/home/timi/Dev/ROS2-Publisher/build/simple_subscriber_py', 'catkin_cmake_args': None, 'catkin_skip_building_tests': False, 'cmake_args': None, 'cmake_clean_cache': False, 'cmake_clean_first': False, 'cmake_force_configure': False, 'cmake_target': None, 'cmake_target_skip_unavailable': False, 'install_base': '/home/timi/Dev/ROS2-Publisher/install/simple_subscriber_py', 'merge_install': False, 'path': '/home/timi/Dev/ROS2-Publisher/src/simple_subscriber_py', 'symlink_install': False, 'test_result_base': None}
[1.016s] INFO:colcon.colcon_core.executor:Executing jobs using 'parallel' executor
[1.026s] DEBUG:colcon.colcon_parallel_executor.executor.parallel:run_until_complete
[1.027s] INFO:colcon.colcon_ros.task.ament_python.build:Building ROS package in '/home/timi/Dev/ROS2-Publisher/src/simple_subscriber_py' with build type 'ament_python'
[1.027s] Level 1:colcon.colcon_core.shell:create_environment_hook('simple_subscriber_py', 'ament_prefix_path')
[1.043s] INFO:colcon.colcon_core.plugin_system:Skipping extension 'colcon_core.shell.bat': Not used on non-Windows systems
[1.043s] INFO:colcon.colcon_core.shell:Creating environment hook '/home/timi/Dev/ROS2-Publisher/install/simple_subscriber_py/share/simple_subscriber_py/hook/ament_prefix_path.ps1'
[1.045s] INFO:colcon.colcon_core.shell:Creating environment descriptor '/home/timi/Dev/ROS2-Publisher/install/simple_subscriber_py/share/simple_subscriber_py/hook/ament_prefix_path.dsv'
[1.046s] INFO:colcon.colcon_core.shell:Creating environment hook '/home/timi/Dev/ROS2-Publisher/install/simple_subscriber_py/share/simple_subscriber_py/hook/ament_prefix_path.sh'
[1.059s] INFO:colcon.colcon_core.shell:Skip shell extension 'powershell' for command environment: Not usable outside of PowerShell
[1.066s] DEBUG:colcon.colcon_core.shell:Skip shell extension 'dsv' for command environment
[1.318s] INFO:colcon.colcon_core.task.python.build:Building Python package in '/home/timi/Dev/ROS2-Publisher/src/simple_subscriber_py'
[1.328s] INFO:colcon.colcon_core.shell:Skip shell extension 'powershell' for command environment: Not usable outside of PowerShell
[1.328s] DEBUG:colcon.colcon_core.shell:Skip shell extension 'dsv' for command environment
[1.788s] DEBUG:colcon.colcon_core.event_handler.log_command:Invoking command in '/home/timi/Dev/ROS2-Publisher/src/simple_subscriber_py': PYTHONPATH=/home/timi/Dev/ROS2-Publisher/build/simple_subscriber_py/prefix_override:/home/timi/Dev/ROS2-Publisher/install/simple_subscriber_py/lib/python3.10/site-packages:${PYTHONPATH} /usr/bin/python3 setup.py egg_info --egg-base ../../build/simple_subscriber_py build --build-base /home/timi/Dev/ROS2-Publisher/build/simple_subscriber_py/build install --record /home/timi/Dev/ROS2-Publisher/build/simple_subscriber_py/install.log --single-version-externally-managed
[2.035s] DEBUG:colcon.colcon_core.event_handler.log_command:Invoked command in '/home/timi/Dev/ROS2-Publisher/src/simple_subscriber_py' returned '0': PYTHONPATH=/home/timi/Dev/ROS2-Publisher/build/simple_subscriber_py/prefix_override:/home/timi/Dev/ROS2-Publisher/install/simple_subscriber_py/lib/python3.10/site-packages:${PYTHONPATH} /usr/bin/python3 setup.py egg_info --egg-base ../../build/simple_subscriber_py build --build-base /home/timi/Dev/ROS2-Publisher/build/simple_subscriber_py/build install --record /home/timi/Dev/ROS2-Publisher/build/simple_subscriber_py/install.log --single-version-externally-managed
[2.049s] Level 1:colcon.colcon_core.environment:checking '/home/timi/Dev/ROS2-Publisher/install/simple_subscriber_py' for CMake module files
[2.050s] Level 1:colcon.colcon_core.environment:checking '/home/timi/Dev/ROS2-Publisher/install/simple_subscriber_py' for CMake config files
[2.050s] Level 1:colcon.colcon_core.environment:checking '/home/timi/Dev/ROS2-Publisher/install/simple_subscriber_py/lib'
[2.050s] Level 1:colcon.colcon_core.environment:checking '/home/timi/Dev/ROS2-Publisher/install/simple_subscriber_py/bin'
[2.050s] Level 1:colcon.colcon_core.environment:checking '/home/timi/Dev/ROS2-Publisher/install/simple_subscriber_py/lib/pkgconfig/simple_subscriber_py.pc'
[2.050s] Level 1:colcon.colcon_core.environment:checking '/home/timi/Dev/ROS2-Publisher/install/simple_subscriber_py/lib/python3.10/site-packages'
[2.051s] Level 1:colcon.colcon_core.shell:create_environment_hook('simple_subscriber_py', 'pythonpath')
[2.071s] INFO:colcon.colcon_core.shell:Creating environment hook '/home/timi/Dev/ROS2-Publisher/install/simple_subscriber_py/share/simple_subscriber_py/hook/pythonpath.ps1'
[2.072s] INFO:colcon.colcon_core.shell:Creating environment descriptor '/home/timi/Dev/ROS2-Publisher/install/simple_subscriber_py/share/simple_subscriber_py/hook/pythonpath.dsv'
[2.072s] INFO:colcon.colcon_core.shell:Creating environment hook '/home/timi/Dev/ROS2-Publisher/install/simple_subscriber_py/share/simple_subscriber_py/hook/pythonpath.sh'
[2.073s] Level 1:colcon.colcon_core.environment:checking '/home/timi/Dev/ROS2-Publisher/install/simple_subscriber_py/bin'
[2.073s] Level 1:colcon.colcon_core.environment:create_environment_scripts_only(simple_subscriber_py)
[2.083s] INFO:colcon.colcon_core.shell:Creating package script '/home/timi/Dev/ROS2-Publisher/install/simple_subscriber_py/share/simple_subscriber_py/package.ps1'
[2.084s] INFO:colcon.colcon_core.shell:Creating package descriptor '/home/timi/Dev/ROS2-Publisher/install/simple_subscriber_py/share/simple_subscriber_py/package.dsv'
[2.086s] INFO:colcon.colcon_core.shell:Creating package script '/home/timi/Dev/ROS2-Publisher/install/simple_subscriber_py/share/simple_subscriber_py/package.sh'
[2.087s] INFO:colcon.colcon_core.shell:Creating package script '/home/timi/Dev/ROS2-Publisher/install/simple_subscriber_py/share/simple_subscriber_py/package.bash'
[2.088s] INFO:colcon.colcon_core.shell:Creating package script '/home/timi/Dev/ROS2-Publisher/install/simple_subscriber_py/share/simple_subscriber_py/package.zsh'
[2.089s] Level 1:colcon.colcon_core.environment:create_file_with_runtime_dependencies(/home/timi/Dev/ROS2-Publisher/install/simple_subscriber_py/share/colcon-core/packages/simple_subscriber_py)
[2.089s] DEBUG:colcon.colcon_parallel_executor.executor.parallel:closing loop
[2.090s] DEBUG:colcon.colcon_parallel_executor.executor.parallel:loop closed
[2.090s] DEBUG:colcon.colcon_parallel_executor.executor.parallel:run_until_complete finished with '0'
[2.090s] DEBUG:colcon.colcon_core.event_reactor:joining thread
[2.114s] INFO:colcon.colcon_core.plugin_system:Skipping extension 'colcon_notification.desktop_notification.terminal_notifier': Not used on non-Darwin systems
[2.114s] INFO:colcon.colcon_core.plugin_system:Skipping extension 'colcon_notification.desktop_notification.win32': Not used on non-Windows systems
[2.114s] INFO:colcon.colcon_notification.desktop_notification:Sending desktop notification using 'notify2'
[2.152s] DEBUG:colcon.colcon_core.event_reactor:joined thread
[2.166s] INFO:colcon.colcon_core.shell:Creating prefix script '/home/timi/Dev/ROS2-Publisher/install/local_setup.ps1'
[2.178s] INFO:colcon.colcon_core.shell:Creating prefix util module '/home/timi/Dev/ROS2-Publisher/install/_local_setup_util_ps1.py'
[2.184s] INFO:colcon.colcon_core.shell:Creating prefix chain script '/home/timi/Dev/ROS2-Publisher/install/setup.ps1'
[2.210s] INFO:colcon.colcon_core.shell:Creating prefix script '/home/timi/Dev/ROS2-Publisher/install/local_setup.sh'
[2.215s] INFO:colcon.colcon_core.shell:Creating prefix util module '/home/timi/Dev/ROS2-Publisher/install/_local_setup_util_sh.py'
[2.216s] INFO:colcon.colcon_core.shell:Creating prefix chain script '/home/timi/Dev/ROS2-Publisher/install/setup.sh'
[2.244s] INFO:colcon.colcon_core.shell:Creating prefix script '/home/timi/Dev/ROS2-Publisher/install/local_setup.bash'
[2.244s] INFO:colcon.colcon_core.shell:Creating prefix chain script '/home/timi/Dev/ROS2-Publisher/install/setup.bash'
[2.259s] INFO:colcon.colcon_core.shell:Creating prefix script '/home/timi/Dev/ROS2-Publisher/install/local_setup.zsh'
[2.260s] INFO:colcon.colcon_core.shell:Creating prefix chain script '/home/timi/Dev/ROS2-Publisher/install/setup.zsh'
