[0.729s] Invoking command in '/home/timi/Dev/ROS2-Publisher/src/simple_publisher_py': PYTHONPATH=/home/timi/Dev/ROS2-Publisher/build/simple_publisher_py/prefix_override:/home/timi/Dev/ROS2-Publisher/install/simple_publisher_py/lib/python3.10/site-packages:${PYTHONPATH} /usr/bin/python3 setup.py egg_info --egg-base ../../build/simple_publisher_py build --build-base /home/timi/Dev/ROS2-Publisher/build/simple_publisher_py/build install --record /home/timi/Dev/ROS2-Publisher/build/simple_publisher_py/install.log --single-version-externally-managed
[0.928s] running egg_info
[0.928s] writing ../../build/simple_publisher_py/simple_publisher_py.egg-info/PKG-INFO
[0.928s] writing dependency_links to ../../build/simple_publisher_py/simple_publisher_py.egg-info/dependency_links.txt
[0.929s] writing entry points to ../../build/simple_publisher_py/simple_publisher_py.egg-info/entry_points.txt
[0.929s] writing requirements to ../../build/simple_publisher_py/simple_publisher_py.egg-info/requires.txt
[0.929s] writing top-level names to ../../build/simple_publisher_py/simple_publisher_py.egg-info/top_level.txt
[0.930s] reading manifest file '../../build/simple_publisher_py/simple_publisher_py.egg-info/SOURCES.txt'
[0.931s] writing manifest file '../../build/simple_publisher_py/simple_publisher_py.egg-info/SOURCES.txt'
[0.931s] running build
[0.931s] running build_py
[0.932s] running install
[0.932s] /usr/lib/python3/dist-packages/setuptools/command/install.py:34: SetuptoolsDeprecationWarning: setup.py install is deprecated. Use build and pip and other standards-based tools.
[0.932s]   warnings.warn(
[0.932s] running install_lib
[0.933s] running install_data
[0.933s] running install_egg_info
[0.934s] removing '/home/timi/Dev/ROS2-Publisher/install/simple_publisher_py/lib/python3.10/site-packages/simple_publisher_py-0.0.0-py3.10.egg-info' (and everything under it)
[0.935s] Copying ../../build/simple_publisher_py/simple_publisher_py.egg-info to /home/timi/Dev/ROS2-Publisher/install/simple_publisher_py/lib/python3.10/site-packages/simple_publisher_py-0.0.0-py3.10.egg-info
[0.935s] running install_scripts
[0.961s] Installing simple_publisher script to /home/timi/Dev/ROS2-Publisher/install/simple_publisher_py/lib/simple_publisher_py
[0.962s] writing list of installed files to '/home/timi/Dev/ROS2-Publisher/build/simple_publisher_py/install.log'
[0.983s] Invoked command in '/home/timi/Dev/ROS2-Publisher/src/simple_publisher_py' returned '0': PYTHONPATH=/home/timi/Dev/ROS2-Publisher/build/simple_publisher_py/prefix_override:/home/timi/Dev/ROS2-Publisher/install/simple_publisher_py/lib/python3.10/site-packages:${PYTHONPATH} /usr/bin/python3 setup.py egg_info --egg-base ../../build/simple_publisher_py build --build-base /home/timi/Dev/ROS2-Publisher/build/simple_publisher_py/build install --record /home/timi/Dev/ROS2-Publisher/build/simple_publisher_py/install.log --single-version-externally-managed
