[2.698s] DEBUG:colcon:Command line arguments: ['/usr/bin/colcon', 'list', '-p', '--base-paths', '/home/timi/Dev/ROS2-Publisher']
[2.698s] DEBUG:colcon:Parsed command line arguments: Namespace(log_base=None, log_level=None, verb_name='list', build_base='build', ignore_user_meta=False, metas=['./colcon.meta'], base_paths=['/home/timi/Dev/ROS2-Publisher'], packages_ignore=None, packages_ignore_regex=None, paths=None, packages_up_to=None, packages_up_to_regex=None, packages_above=None, packages_above_and_dependencies=None, packages_above_depth=None, packages_select_by_dep=None, packages_skip_by_dep=None, packages_skip_up_to=None, packages_select_build_failed=False, packages_skip_build_finished=False, packages_select_test_failures=False, packages_skip_test_passed=False, packages_select=None, packages_skip=None, packages_select_regex=None, packages_skip_regex=None, packages_start=None, packages_end=None, allow_overriding=[], topological_order=False, names_only=False, paths_only=True, topological_graph=False, topological_graph_dot=False, topological_graph_density=False, topological_graph_legend=False, topological_graph_dot_cluster=False, topological_graph_dot_include_skipped=False, verb_parser=<colcon_defaults.argument_parser.defaults.DefaultArgumentsDecorator object at 0xffff87f8b550>, verb_extension=<colcon_package_information.verb.list.ListVerb object at 0xffff87ecc9a0>, main=<bound method ListVerb.main of <colcon_package_information.verb.list.ListVerb object at 0xffff87ecc9a0>>)
[2.862s] Level 1:colcon.colcon_core.package_discovery:discover_packages(colcon_meta) check parameters
[2.863s] Level 1:colcon.colcon_core.package_discovery:discover_packages(recursive) check parameters
[2.863s] Level 1:colcon.colcon_core.package_discovery:discover_packages(ignore) check parameters
[2.863s] Level 1:colcon.colcon_core.package_discovery:discover_packages(path) check parameters
[2.863s] Level 1:colcon.colcon_core.package_discovery:discover_packages(recursive) discover
[2.863s] INFO:colcon.colcon_core.package_discovery:Crawling recursively for packages in '/home/timi/Dev/ROS2-Publisher'
[2.863s] Level 1:colcon.colcon_core.package_identification:_identify(/home/timi/Dev/ROS2-Publisher) by extensions ['ignore', 'ignore_ament_install']
[2.863s] Level 1:colcon.colcon_core.package_identification:_identify(/home/timi/Dev/ROS2-Publisher) by extension 'ignore'
[2.863s] Level 1:colcon.colcon_core.package_identification:_identify(/home/timi/Dev/ROS2-Publisher) by extension 'ignore_ament_install'
[2.863s] Level 1:colcon.colcon_core.package_identification:_identify(/home/timi/Dev/ROS2-Publisher) by extensions ['colcon_pkg']
[2.863s] Level 1:colcon.colcon_core.package_identification:_identify(/home/timi/Dev/ROS2-Publisher) by extension 'colcon_pkg'
[2.863s] Level 1:colcon.colcon_core.package_identification:_identify(/home/timi/Dev/ROS2-Publisher) by extensions ['colcon_meta']
[2.863s] Level 1:colcon.colcon_core.package_identification:_identify(/home/timi/Dev/ROS2-Publisher) by extension 'colcon_meta'
[2.863s] Level 1:colcon.colcon_core.package_identification:_identify(/home/timi/Dev/ROS2-Publisher) by extensions ['ros']
[2.863s] Level 1:colcon.colcon_core.package_identification:_identify(/home/timi/Dev/ROS2-Publisher) by extension 'ros'
[2.913s] Level 1:colcon.colcon_core.package_identification:_identify(/home/timi/Dev/ROS2-Publisher) by extensions ['cmake', 'python']
[2.913s] Level 1:colcon.colcon_core.package_identification:_identify(/home/timi/Dev/ROS2-Publisher) by extension 'cmake'
[2.913s] Level 1:colcon.colcon_core.package_identification:_identify(/home/timi/Dev/ROS2-Publisher) by extension 'python'
[2.913s] Level 1:colcon.colcon_core.package_identification:_identify(/home/timi/Dev/ROS2-Publisher) by extensions ['python_setup_py']
[2.913s] Level 1:colcon.colcon_core.package_identification:_identify(/home/timi/Dev/ROS2-Publisher) by extension 'python_setup_py'
[2.914s] Level 1:colcon.colcon_core.package_identification:_identify(/home/timi/Dev/ROS2-Publisher/build) by extensions ['ignore', 'ignore_ament_install']
[2.914s] Level 1:colcon.colcon_core.package_identification:_identify(/home/timi/Dev/ROS2-Publisher/build) by extension 'ignore'
[2.914s] Level 1:colcon.colcon_core.package_identification:_identify(/home/timi/Dev/ROS2-Publisher/build) ignored
[2.914s] Level 1:colcon.colcon_core.package_identification:_identify(/home/timi/Dev/ROS2-Publisher/install) by extensions ['ignore', 'ignore_ament_install']
[2.914s] Level 1:colcon.colcon_core.package_identification:_identify(/home/timi/Dev/ROS2-Publisher/install) by extension 'ignore'
[2.914s] Level 1:colcon.colcon_core.package_identification:_identify(/home/timi/Dev/ROS2-Publisher/install) ignored
[2.914s] Level 1:colcon.colcon_core.package_identification:_identify(/home/timi/Dev/ROS2-Publisher/log) by extensions ['ignore', 'ignore_ament_install']
[2.914s] Level 1:colcon.colcon_core.package_identification:_identify(/home/timi/Dev/ROS2-Publisher/log) by extension 'ignore'
[2.914s] Level 1:colcon.colcon_core.package_identification:_identify(/home/timi/Dev/ROS2-Publisher/log) ignored
[2.914s] Level 1:colcon.colcon_core.package_identification:_identify(/home/timi/Dev/ROS2-Publisher/src) by extensions ['ignore', 'ignore_ament_install']
[2.914s] Level 1:colcon.colcon_core.package_identification:_identify(/home/timi/Dev/ROS2-Publisher/src) by extension 'ignore'
[2.914s] Level 1:colcon.colcon_core.package_identification:_identify(/home/timi/Dev/ROS2-Publisher/src) by extension 'ignore_ament_install'
[2.914s] Level 1:colcon.colcon_core.package_identification:_identify(/home/timi/Dev/ROS2-Publisher/src) by extensions ['colcon_pkg']
[2.914s] Level 1:colcon.colcon_core.package_identification:_identify(/home/timi/Dev/ROS2-Publisher/src) by extension 'colcon_pkg'
[2.914s] Level 1:colcon.colcon_core.package_identification:_identify(/home/timi/Dev/ROS2-Publisher/src) by extensions ['colcon_meta']
[2.914s] Level 1:colcon.colcon_core.package_identification:_identify(/home/timi/Dev/ROS2-Publisher/src) by extension 'colcon_meta'
[2.914s] Level 1:colcon.colcon_core.package_identification:_identify(/home/timi/Dev/ROS2-Publisher/src) by extensions ['ros']
[2.915s] Level 1:colcon.colcon_core.package_identification:_identify(/home/timi/Dev/ROS2-Publisher/src) by extension 'ros'
[2.915s] Level 1:colcon.colcon_core.package_identification:_identify(/home/timi/Dev/ROS2-Publisher/src) by extensions ['cmake', 'python']
[2.915s] Level 1:colcon.colcon_core.package_identification:_identify(/home/timi/Dev/ROS2-Publisher/src) by extension 'cmake'
[2.915s] Level 1:colcon.colcon_core.package_identification:_identify(/home/timi/Dev/ROS2-Publisher/src) by extension 'python'
[2.915s] Level 1:colcon.colcon_core.package_identification:_identify(/home/timi/Dev/ROS2-Publisher/src) by extensions ['python_setup_py']
[2.915s] Level 1:colcon.colcon_core.package_identification:_identify(/home/timi/Dev/ROS2-Publisher/src) by extension 'python_setup_py'
[2.915s] Level 1:colcon.colcon_core.package_identification:_identify(/home/timi/Dev/ROS2-Publisher/src/simple_publisher_py) by extensions ['ignore', 'ignore_ament_install']
[2.915s] Level 1:colcon.colcon_core.package_identification:_identify(/home/timi/Dev/ROS2-Publisher/src/simple_publisher_py) by extension 'ignore'
[2.915s] Level 1:colcon.colcon_core.package_identification:_identify(/home/timi/Dev/ROS2-Publisher/src/simple_publisher_py) by extension 'ignore_ament_install'
[2.915s] Level 1:colcon.colcon_core.package_identification:_identify(/home/timi/Dev/ROS2-Publisher/src/simple_publisher_py) by extensions ['colcon_pkg']
[2.915s] Level 1:colcon.colcon_core.package_identification:_identify(/home/timi/Dev/ROS2-Publisher/src/simple_publisher_py) by extension 'colcon_pkg'
[2.915s] Level 1:colcon.colcon_core.package_identification:_identify(/home/timi/Dev/ROS2-Publisher/src/simple_publisher_py) by extensions ['colcon_meta']
[2.915s] Level 1:colcon.colcon_core.package_identification:_identify(/home/timi/Dev/ROS2-Publisher/src/simple_publisher_py) by extension 'colcon_meta'
[2.915s] Level 1:colcon.colcon_core.package_identification:_identify(/home/timi/Dev/ROS2-Publisher/src/simple_publisher_py) by extensions ['ros']
[2.915s] Level 1:colcon.colcon_core.package_identification:_identify(/home/timi/Dev/ROS2-Publisher/src/simple_publisher_py) by extension 'ros'
[2.942s] DEBUG:colcon.colcon_core.package_identification:Package '/home/timi/Dev/ROS2-Publisher/src/simple_publisher_py' with type 'ros.ament_python' and name 'simple_publisher_py'
[2.942s] Level 1:colcon.colcon_core.package_discovery:discover_packages(recursive) using defaults
