running egg_info
writing ../../build/simple_publisher_py/simple_publisher_py.egg-info/PKG-INFO
writing dependency_links to ../../build/simple_publisher_py/simple_publisher_py.egg-info/dependency_links.txt
writing entry points to ../../build/simple_publisher_py/simple_publisher_py.egg-info/entry_points.txt
writing requirements to ../../build/simple_publisher_py/simple_publisher_py.egg-info/requires.txt
writing top-level names to ../../build/simple_publisher_py/simple_publisher_py.egg-info/top_level.txt
reading manifest file '../../build/simple_publisher_py/simple_publisher_py.egg-info/SOURCES.txt'
writing manifest file '../../build/simple_publisher_py/simple_publisher_py.egg-info/SOURCES.txt'
running build
running build_py
copying simple_publisher_py/publisher_node.py -> /home/timi/Dev/ROS2-Publisher/build/simple_publisher_py/build/lib/simple_publisher_py
running install
running install_lib
copying /home/timi/Dev/ROS2-Publisher/build/simple_publisher_py/build/lib/simple_publisher_py/publisher_node.py -> /home/timi/Dev/ROS2-Publisher/install/simple_publisher_py/lib/python3.10/site-packages/simple_publisher_py
byte-compiling /home/timi/Dev/ROS2-Publisher/install/simple_publisher_py/lib/python3.10/site-packages/simple_publisher_py/publisher_node.py to publisher_node.cpython-310.pyc
running install_data
copying package.xml -> /home/timi/Dev/ROS2-Publisher/install/simple_publisher_py/share/simple_publisher_py
running install_egg_info
removing '/home/timi/Dev/ROS2-Publisher/install/simple_publisher_py/lib/python3.10/site-packages/simple_publisher_py-0.0.0-py3.10.egg-info' (and everything under it)
Copying ../../build/simple_publisher_py/simple_publisher_py.egg-info to /home/timi/Dev/ROS2-Publisher/install/simple_publisher_py/lib/python3.10/site-packages/simple_publisher_py-0.0.0-py3.10.egg-info
running install_scripts
Installing simple_publisher script to /home/timi/Dev/ROS2-Publisher/install/simple_publisher_py/lib/simple_publisher_py
writing list of installed files to '/home/timi/Dev/ROS2-Publisher/build/simple_publisher_py/install.log'
