[0.935s] Invoking command in '/home/timi/Dev/ROS2-Publisher/src/simple_publisher_py': PYTHONPATH=/home/timi/Dev/ROS2-Publisher/build/simple_publisher_py/prefix_override:/home/timi/Dev/ROS2-Publisher/install/simple_publisher_py/lib/python3.10/site-packages:${PYTHONPATH} /usr/bin/python3 setup.py egg_info --egg-base ../../build/simple_publisher_py build --build-base /home/timi/Dev/ROS2-Publisher/build/simple_publisher_py/build install --record /home/timi/Dev/ROS2-Publisher/build/simple_publisher_py/install.log --single-version-externally-managed
[1.138s] running egg_info
[1.140s] writing ../../build/simple_publisher_py/simple_publisher_py.egg-info/PKG-INFO
[1.140s] writing dependency_links to ../../build/simple_publisher_py/simple_publisher_py.egg-info/dependency_links.txt
[1.140s] writing entry points to ../../build/simple_publisher_py/simple_publisher_py.egg-info/entry_points.txt
[1.140s] writing requirements to ../../build/simple_publisher_py/simple_publisher_py.egg-info/requires.txt
[1.141s] writing top-level names to ../../build/simple_publisher_py/simple_publisher_py.egg-info/top_level.txt
[1.141s] reading manifest file '../../build/simple_publisher_py/simple_publisher_py.egg-info/SOURCES.txt'
[1.142s] writing manifest file '../../build/simple_publisher_py/simple_publisher_py.egg-info/SOURCES.txt'
[1.143s] running build
[1.143s] running build_py
[1.143s] copying simple_publisher_py/publisher_node.py -> /home/timi/Dev/ROS2-Publisher/build/simple_publisher_py/build/lib/simple_publisher_py
[1.148s] running install
[1.148s] running install_lib
[1.148s] copying /home/timi/Dev/ROS2-Publisher/build/simple_publisher_py/build/lib/simple_publisher_py/publisher_node.py -> /home/timi/Dev/ROS2-Publisher/install/simple_publisher_py/lib/python3.10/site-packages/simple_publisher_py
[1.148s] byte-compiling /home/timi/Dev/ROS2-Publisher/install/simple_publisher_py/lib/python3.10/site-packages/simple_publisher_py/publisher_node.py to publisher_node.cpython-310.pyc
[1.148s] running install_data
[1.148s] copying package.xml -> /home/timi/Dev/ROS2-Publisher/install/simple_publisher_py/share/simple_publisher_py
[1.148s] running install_egg_info
[1.158s] /usr/lib/python3/dist-packages/setuptools/command/install.py:34: SetuptoolsDeprecationWarning: setup.py install is deprecated. Use build and pip and other standards-based tools.
[1.158s]   warnings.warn(
[1.158s] removing '/home/timi/Dev/ROS2-Publisher/install/simple_publisher_py/lib/python3.10/site-packages/simple_publisher_py-0.0.0-py3.10.egg-info' (and everything under it)
[1.158s] Copying ../../build/simple_publisher_py/simple_publisher_py.egg-info to /home/timi/Dev/ROS2-Publisher/install/simple_publisher_py/lib/python3.10/site-packages/simple_publisher_py-0.0.0-py3.10.egg-info
[1.161s] running install_scripts
[1.178s] Installing simple_publisher script to /home/timi/Dev/ROS2-Publisher/install/simple_publisher_py/lib/simple_publisher_py
[1.178s] writing list of installed files to '/home/timi/Dev/ROS2-Publisher/build/simple_publisher_py/install.log'
[1.197s] Invoked command in '/home/timi/Dev/ROS2-Publisher/src/simple_publisher_py' returned '0': PYTHONPATH=/home/timi/Dev/ROS2-Publisher/build/simple_publisher_py/prefix_override:/home/timi/Dev/ROS2-Publisher/install/simple_publisher_py/lib/python3.10/site-packages:${PYTHONPATH} /usr/bin/python3 setup.py egg_info --egg-base ../../build/simple_publisher_py build --build-base /home/timi/Dev/ROS2-Publisher/build/simple_publisher_py/build install --record /home/timi/Dev/ROS2-Publisher/build/simple_publisher_py/install.log --single-version-externally-managed
