running egg_info
creating ../../build/simple_publisher_py/simple_publisher_py.egg-info
writing ../../build/simple_publisher_py/simple_publisher_py.egg-info/PKG-INFO
writing dependency_links to ../../build/simple_publisher_py/simple_publisher_py.egg-info/dependency_links.txt
writing entry points to ../../build/simple_publisher_py/simple_publisher_py.egg-info/entry_points.txt
writing requirements to ../../build/simple_publisher_py/simple_publisher_py.egg-info/requires.txt
writing top-level names to ../../build/simple_publisher_py/simple_publisher_py.egg-info/top_level.txt
writing manifest file '../../build/simple_publisher_py/simple_publisher_py.egg-info/SOURCES.txt'
reading manifest file '../../build/simple_publisher_py/simple_publisher_py.egg-info/SOURCES.txt'
writing manifest file '../../build/simple_publisher_py/simple_publisher_py.egg-info/SOURCES.txt'
running build
running build_py
creating /home/timi/Dev/ROS2-Publisher/build/simple_publisher_py/build
creating /home/timi/Dev/ROS2-Publisher/build/simple_publisher_py/build/lib
creating /home/timi/Dev/ROS2-Publisher/build/simple_publisher_py/build/lib/simple_publisher_py
copying simple_publisher_py/__init__.py -> /home/timi/Dev/ROS2-Publisher/build/simple_publisher_py/build/lib/simple_publisher_py
running install
running install_lib
creating /home/timi/Dev/ROS2-Publisher/install/simple_publisher_py/lib/python3.10/site-packages/simple_publisher_py
copying /home/timi/Dev/ROS2-Publisher/build/simple_publisher_py/build/lib/simple_publisher_py/__init__.py -> /home/timi/Dev/ROS2-Publisher/install/simple_publisher_py/lib/python3.10/site-packages/simple_publisher_py
byte-compiling /home/timi/Dev/ROS2-Publisher/install/simple_publisher_py/lib/python3.10/site-packages/simple_publisher_py/__init__.py to __init__.cpython-310.pyc
running install_data
creating /home/timi/Dev/ROS2-Publisher/install/simple_publisher_py/share/ament_index
creating /home/timi/Dev/ROS2-Publisher/install/simple_publisher_py/share/ament_index/resource_index
creating /home/timi/Dev/ROS2-Publisher/install/simple_publisher_py/share/ament_index/resource_index/packages
copying resource/simple_publisher_py -> /home/timi/Dev/ROS2-Publisher/install/simple_publisher_py/share/ament_index/resource_index/packages
copying package.xml -> /home/timi/Dev/ROS2-Publisher/install/simple_publisher_py/share/simple_publisher_py
running install_egg_info
Copying ../../build/simple_publisher_py/simple_publisher_py.egg-info to /home/timi/Dev/ROS2-Publisher/install/simple_publisher_py/lib/python3.10/site-packages/simple_publisher_py-0.0.0-py3.10.egg-info
running install_scripts
writing list of installed files to '/home/timi/Dev/ROS2-Publisher/build/simple_publisher_py/install.log'
