[1.017s] Invoking command in '/home/timi/Dev/ROS2-Publisher/src/simple_publisher_py': PYTHONPATH=/home/timi/Dev/ROS2-Publisher/build/simple_publisher_py/prefix_override:/home/timi/Dev/ROS2-Publisher/install/simple_publisher_py/lib/python3.10/site-packages:${PYTHONPATH} /usr/bin/python3 setup.py egg_info --egg-base ../../build/simple_publisher_py build --build-base /home/timi/Dev/ROS2-Publisher/build/simple_publisher_py/build install --record /home/timi/Dev/ROS2-Publisher/build/simple_publisher_py/install.log --single-version-externally-managed
[1.267s] running egg_info
[1.267s] creating ../../build/simple_publisher_py/simple_publisher_py.egg-info
[1.268s] writing ../../build/simple_publisher_py/simple_publisher_py.egg-info/PKG-INFO
[1.268s] writing dependency_links to ../../build/simple_publisher_py/simple_publisher_py.egg-info/dependency_links.txt
[1.268s] writing entry points to ../../build/simple_publisher_py/simple_publisher_py.egg-info/entry_points.txt
[1.268s] writing requirements to ../../build/simple_publisher_py/simple_publisher_py.egg-info/requires.txt
[1.268s] writing top-level names to ../../build/simple_publisher_py/simple_publisher_py.egg-info/top_level.txt
[1.268s] writing manifest file '../../build/simple_publisher_py/simple_publisher_py.egg-info/SOURCES.txt'
[1.269s] reading manifest file '../../build/simple_publisher_py/simple_publisher_py.egg-info/SOURCES.txt'
[1.270s] writing manifest file '../../build/simple_publisher_py/simple_publisher_py.egg-info/SOURCES.txt'
[1.270s] running build
[1.270s] running build_py
[1.270s] creating /home/timi/Dev/ROS2-Publisher/build/simple_publisher_py/build
[1.270s] creating /home/timi/Dev/ROS2-Publisher/build/simple_publisher_py/build/lib
[1.270s] creating /home/timi/Dev/ROS2-Publisher/build/simple_publisher_py/build/lib/simple_publisher_py
[1.270s] copying simple_publisher_py/__init__.py -> /home/timi/Dev/ROS2-Publisher/build/simple_publisher_py/build/lib/simple_publisher_py
[1.270s] running install
[1.273s] /usr/lib/python3/dist-packages/setuptools/command/install.py:34: SetuptoolsDeprecationWarning: setup.py install is deprecated. Use build and pip and other standards-based tools.
[1.273s]   warnings.warn(
[1.274s] running install_lib
[1.274s] creating /home/timi/Dev/ROS2-Publisher/install/simple_publisher_py/lib/python3.10/site-packages/simple_publisher_py
[1.274s] copying /home/timi/Dev/ROS2-Publisher/build/simple_publisher_py/build/lib/simple_publisher_py/__init__.py -> /home/timi/Dev/ROS2-Publisher/install/simple_publisher_py/lib/python3.10/site-packages/simple_publisher_py
[1.275s] byte-compiling /home/timi/Dev/ROS2-Publisher/install/simple_publisher_py/lib/python3.10/site-packages/simple_publisher_py/__init__.py to __init__.cpython-310.pyc
[1.275s] running install_data
[1.275s] creating /home/timi/Dev/ROS2-Publisher/install/simple_publisher_py/share/ament_index
[1.275s] creating /home/timi/Dev/ROS2-Publisher/install/simple_publisher_py/share/ament_index/resource_index
[1.275s] creating /home/timi/Dev/ROS2-Publisher/install/simple_publisher_py/share/ament_index/resource_index/packages
[1.275s] copying resource/simple_publisher_py -> /home/timi/Dev/ROS2-Publisher/install/simple_publisher_py/share/ament_index/resource_index/packages
[1.275s] copying package.xml -> /home/timi/Dev/ROS2-Publisher/install/simple_publisher_py/share/simple_publisher_py
[1.275s] running install_egg_info
[1.277s] Copying ../../build/simple_publisher_py/simple_publisher_py.egg-info to /home/timi/Dev/ROS2-Publisher/install/simple_publisher_py/lib/python3.10/site-packages/simple_publisher_py-0.0.0-py3.10.egg-info
[1.277s] running install_scripts
[1.301s] writing list of installed files to '/home/timi/Dev/ROS2-Publisher/build/simple_publisher_py/install.log'
[1.344s] Invoked command in '/home/timi/Dev/ROS2-Publisher/src/simple_publisher_py' returned '0': PYTHONPATH=/home/timi/Dev/ROS2-Publisher/build/simple_publisher_py/prefix_override:/home/timi/Dev/ROS2-Publisher/install/simple_publisher_py/lib/python3.10/site-packages:${PYTHONPATH} /usr/bin/python3 setup.py egg_info --egg-base ../../build/simple_publisher_py build --build-base /home/timi/Dev/ROS2-Publisher/build/simple_publisher_py/build install --record /home/timi/Dev/ROS2-Publisher/build/simple_publisher_py/install.log --single-version-externally-managed
