[0.970s] DEBUG:colcon:Command line arguments: ['/usr/bin/colcon', 'build']
[0.970s] DEBUG:colcon:Parsed command line arguments: Namespace(log_base=None, log_level=None, verb_name='build', build_base='build', install_base='install', merge_install=False, symlink_install=False, test_result_base=None, continue_on_error=False, executor='parallel', parallel_workers=2, event_handlers=None, ignore_user_meta=False, metas=['./colcon.meta'], base_paths=['.'], packages_ignore=None, packages_ignore_regex=None, paths=None, packages_up_to=None, packages_up_to_regex=None, packages_above=None, packages_above_and_dependencies=None, packages_above_depth=None, packages_select_by_dep=None, packages_skip_by_dep=None, packages_skip_up_to=None, packages_select_build_failed=False, packages_skip_build_finished=False, packages_select_test_failures=False, packages_skip_test_passed=False, packages_select=None, packages_skip=None, packages_select_regex=None, packages_skip_regex=None, packages_start=None, packages_end=None, allow_overriding=[], cmake_args=None, cmake_target=None, cmake_target_skip_unavailable=False, cmake_clean_cache=False, cmake_clean_first=False, cmake_force_configure=False, ament_cmake_args=None, catkin_cmake_args=None, catkin_skip_building_tests=False, verb_parser=<colcon_defaults.argument_parser.defaults.DefaultArgumentsDecorator object at 0xffffa53eab00>, verb_extension=<colcon_core.verb.build.BuildVerb object at 0xffffa590b7f0>, main=<bound method BuildVerb.main of <colcon_core.verb.build.BuildVerb object at 0xffffa590b7f0>>)
[1.022s] Level 1:colcon.colcon_core.package_discovery:discover_packages(colcon_meta) check parameters
[1.023s] Level 1:colcon.colcon_core.package_discovery:discover_packages(recursive) check parameters
[1.023s] Level 1:colcon.colcon_core.package_discovery:discover_packages(ignore) check parameters
[1.023s] Level 1:colcon.colcon_core.package_discovery:discover_packages(path) check parameters
[1.023s] Level 1:colcon.colcon_core.package_discovery:discover_packages(colcon_meta) discover
[1.023s] Level 1:colcon.colcon_core.package_discovery:discover_packages(recursive) discover
[1.023s] INFO:colcon.colcon_core.package_discovery:Crawling recursively for packages in '/home/timi/Dev/ROS2-Publisher'
[1.023s] Level 1:colcon.colcon_core.package_identification:_identify(.) by extensions ['ignore', 'ignore_ament_install']
[1.023s] Level 1:colcon.colcon_core.package_identification:_identify(.) by extension 'ignore'
[1.023s] Level 1:colcon.colcon_core.package_identification:_identify(.) by extension 'ignore_ament_install'
[1.023s] Level 1:colcon.colcon_core.package_identification:_identify(.) by extensions ['colcon_pkg']
[1.023s] Level 1:colcon.colcon_core.package_identification:_identify(.) by extension 'colcon_pkg'
[1.023s] Level 1:colcon.colcon_core.package_identification:_identify(.) by extensions ['colcon_meta']
[1.023s] Level 1:colcon.colcon_core.package_identification:_identify(.) by extension 'colcon_meta'
[1.023s] Level 1:colcon.colcon_core.package_identification:_identify(.) by extensions ['ros']
[1.023s] Level 1:colcon.colcon_core.package_identification:_identify(.) by extension 'ros'
[1.037s] Level 1:colcon.colcon_core.package_identification:_identify(.) by extensions ['cmake', 'python']
[1.037s] Level 1:colcon.colcon_core.package_identification:_identify(.) by extension 'cmake'
[1.037s] Level 1:colcon.colcon_core.package_identification:_identify(.) by extension 'python'
[1.037s] Level 1:colcon.colcon_core.package_identification:_identify(.) by extensions ['python_setup_py']
[1.037s] Level 1:colcon.colcon_core.package_identification:_identify(.) by extension 'python_setup_py'
[1.037s] Level 1:colcon.colcon_core.package_identification:_identify(build) by extensions ['ignore', 'ignore_ament_install']
[1.037s] Level 1:colcon.colcon_core.package_identification:_identify(build) by extension 'ignore'
[1.037s] Level 1:colcon.colcon_core.package_identification:_identify(build) ignored
[1.037s] Level 1:colcon.colcon_core.package_identification:_identify(install) by extensions ['ignore', 'ignore_ament_install']
[1.037s] Level 1:colcon.colcon_core.package_identification:_identify(install) by extension 'ignore'
[1.038s] Level 1:colcon.colcon_core.package_identification:_identify(install) ignored
[1.038s] Level 1:colcon.colcon_core.package_identification:_identify(log) by extensions ['ignore', 'ignore_ament_install']
[1.038s] Level 1:colcon.colcon_core.package_identification:_identify(log) by extension 'ignore'
[1.038s] Level 1:colcon.colcon_core.package_identification:_identify(log) ignored
[1.038s] Level 1:colcon.colcon_core.package_identification:_identify(src) by extensions ['ignore', 'ignore_ament_install']
[1.038s] Level 1:colcon.colcon_core.package_identification:_identify(src) by extension 'ignore'
[1.038s] Level 1:colcon.colcon_core.package_identification:_identify(src) by extension 'ignore_ament_install'
[1.038s] Level 1:colcon.colcon_core.package_identification:_identify(src) by extensions ['colcon_pkg']
[1.038s] Level 1:colcon.colcon_core.package_identification:_identify(src) by extension 'colcon_pkg'
[1.038s] Level 1:colcon.colcon_core.package_identification:_identify(src) by extensions ['colcon_meta']
[1.038s] Level 1:colcon.colcon_core.package_identification:_identify(src) by extension 'colcon_meta'
[1.038s] Level 1:colcon.colcon_core.package_identification:_identify(src) by extensions ['ros']
[1.038s] Level 1:colcon.colcon_core.package_identification:_identify(src) by extension 'ros'
[1.038s] Level 1:colcon.colcon_core.package_identification:_identify(src) by extensions ['cmake', 'python']
[1.038s] Level 1:colcon.colcon_core.package_identification:_identify(src) by extension 'cmake'
[1.038s] Level 1:colcon.colcon_core.package_identification:_identify(src) by extension 'python'
[1.038s] Level 1:colcon.colcon_core.package_identification:_identify(src) by extensions ['python_setup_py']
[1.038s] Level 1:colcon.colcon_core.package_identification:_identify(src) by extension 'python_setup_py'
[1.038s] Level 1:colcon.colcon_core.package_identification:_identify(src/simple_publisher_py) by extensions ['ignore', 'ignore_ament_install']
[1.039s] Level 1:colcon.colcon_core.package_identification:_identify(src/simple_publisher_py) by extension 'ignore'
[1.039s] Level 1:colcon.colcon_core.package_identification:_identify(src/simple_publisher_py) by extension 'ignore_ament_install'
[1.039s] Level 1:colcon.colcon_core.package_identification:_identify(src/simple_publisher_py) by extensions ['colcon_pkg']
[1.039s] Level 1:colcon.colcon_core.package_identification:_identify(src/simple_publisher_py) by extension 'colcon_pkg'
[1.039s] Level 1:colcon.colcon_core.package_identification:_identify(src/simple_publisher_py) by extensions ['colcon_meta']
[1.039s] Level 1:colcon.colcon_core.package_identification:_identify(src/simple_publisher_py) by extension 'colcon_meta'
[1.039s] Level 1:colcon.colcon_core.package_identification:_identify(src/simple_publisher_py) by extensions ['ros']
[1.039s] Level 1:colcon.colcon_core.package_identification:_identify(src/simple_publisher_py) by extension 'ros'
[1.041s] DEBUG:colcon.colcon_core.package_identification:Package 'src/simple_publisher_py' with type 'ros.ament_python' and name 'simple_publisher_py'
[1.041s] Level 1:colcon.colcon_core.package_discovery:discover_packages(recursive) using defaults
[1.041s] Level 1:colcon.colcon_core.package_discovery:discover_packages(ignore) discover
[1.042s] Level 1:colcon.colcon_core.package_discovery:discover_packages(ignore) using defaults
[1.042s] Level 1:colcon.colcon_core.package_discovery:discover_packages(path) discover
[1.042s] Level 1:colcon.colcon_core.package_discovery:discover_packages(path) using defaults
[1.140s] Level 1:colcon.colcon_core.package_discovery:discover_packages(prefix_path) check parameters
[1.141s] Level 1:colcon.colcon_core.package_discovery:discover_packages(prefix_path) discover
[1.172s] DEBUG:colcon.colcon_installed_package_information.package_discovery:Found 332 installed packages in /opt/ros/humble
[1.173s] Level 1:colcon.colcon_core.package_discovery:discover_packages(prefix_path) using defaults
[1.352s] Level 5:colcon.colcon_core.verb:set package 'simple_publisher_py' build argument 'cmake_args' from command line to 'None'
[1.352s] Level 5:colcon.colcon_core.verb:set package 'simple_publisher_py' build argument 'cmake_target' from command line to 'None'
[1.352s] Level 5:colcon.colcon_core.verb:set package 'simple_publisher_py' build argument 'cmake_target_skip_unavailable' from command line to 'False'
[1.352s] Level 5:colcon.colcon_core.verb:set package 'simple_publisher_py' build argument 'cmake_clean_cache' from command line to 'False'
[1.352s] Level 5:colcon.colcon_core.verb:set package 'simple_publisher_py' build argument 'cmake_clean_first' from command line to 'False'
[1.352s] Level 5:colcon.colcon_core.verb:set package 'simple_publisher_py' build argument 'cmake_force_configure' from command line to 'False'
[1.352s] Level 5:colcon.colcon_core.verb:set package 'simple_publisher_py' build argument 'ament_cmake_args' from command line to 'None'
[1.353s] Level 5:colcon.colcon_core.verb:set package 'simple_publisher_py' build argument 'catkin_cmake_args' from command line to 'None'
[1.353s] Level 5:colcon.colcon_core.verb:set package 'simple_publisher_py' build argument 'catkin_skip_building_tests' from command line to 'False'
[1.353s] DEBUG:colcon.colcon_core.verb:Building package 'simple_publisher_py' with the following arguments: {'ament_cmake_args': None, 'build_base': '/home/timi/Dev/ROS2-Publisher/build/simple_publisher_py', 'catkin_cmake_args': None, 'catkin_skip_building_tests': False, 'cmake_args': None, 'cmake_clean_cache': False, 'cmake_clean_first': False, 'cmake_force_configure': False, 'cmake_target': None, 'cmake_target_skip_unavailable': False, 'install_base': '/home/timi/Dev/ROS2-Publisher/install/simple_publisher_py', 'merge_install': False, 'path': '/home/timi/Dev/ROS2-Publisher/src/simple_publisher_py', 'symlink_install': False, 'test_result_base': None}
[1.364s] INFO:colcon.colcon_core.executor:Executing jobs using 'parallel' executor
[1.377s] DEBUG:colcon.colcon_parallel_executor.executor.parallel:run_until_complete
[1.377s] INFO:colcon.colcon_ros.task.ament_python.build:Building ROS package in '/home/timi/Dev/ROS2-Publisher/src/simple_publisher_py' with build type 'ament_python'
[1.377s] Level 1:colcon.colcon_core.shell:create_environment_hook('simple_publisher_py', 'ament_prefix_path')
[1.398s] INFO:colcon.colcon_core.plugin_system:Skipping extension 'colcon_core.shell.bat': Not used on non-Windows systems
[1.399s] INFO:colcon.colcon_core.shell:Creating environment hook '/home/timi/Dev/ROS2-Publisher/install/simple_publisher_py/share/simple_publisher_py/hook/ament_prefix_path.ps1'
[1.400s] INFO:colcon.colcon_core.shell:Creating environment descriptor '/home/timi/Dev/ROS2-Publisher/install/simple_publisher_py/share/simple_publisher_py/hook/ament_prefix_path.dsv'
[1.401s] INFO:colcon.colcon_core.shell:Creating environment hook '/home/timi/Dev/ROS2-Publisher/install/simple_publisher_py/share/simple_publisher_py/hook/ament_prefix_path.sh'
[1.425s] INFO:colcon.colcon_core.shell:Skip shell extension 'powershell' for command environment: Not usable outside of PowerShell
[1.425s] DEBUG:colcon.colcon_core.shell:Skip shell extension 'dsv' for command environment
[1.817s] INFO:colcon.colcon_core.task.python.build:Building Python package in '/home/timi/Dev/ROS2-Publisher/src/simple_publisher_py'
[1.841s] INFO:colcon.colcon_core.shell:Skip shell extension 'powershell' for command environment: Not usable outside of PowerShell
[1.841s] DEBUG:colcon.colcon_core.shell:Skip shell extension 'dsv' for command environment
[2.312s] DEBUG:colcon.colcon_core.event_handler.log_command:Invoking command in '/home/timi/Dev/ROS2-Publisher/src/simple_publisher_py': PYTHONPATH=/home/timi/Dev/ROS2-Publisher/build/simple_publisher_py/prefix_override:/home/timi/Dev/ROS2-Publisher/install/simple_publisher_py/lib/python3.10/site-packages:${PYTHONPATH} /usr/bin/python3 setup.py egg_info --egg-base ../../build/simple_publisher_py build --build-base /home/timi/Dev/ROS2-Publisher/build/simple_publisher_py/build install --record /home/timi/Dev/ROS2-Publisher/build/simple_publisher_py/install.log --single-version-externally-managed
[2.574s] DEBUG:colcon.colcon_core.event_handler.log_command:Invoked command in '/home/timi/Dev/ROS2-Publisher/src/simple_publisher_py' returned '0': PYTHONPATH=/home/timi/Dev/ROS2-Publisher/build/simple_publisher_py/prefix_override:/home/timi/Dev/ROS2-Publisher/install/simple_publisher_py/lib/python3.10/site-packages:${PYTHONPATH} /usr/bin/python3 setup.py egg_info --egg-base ../../build/simple_publisher_py build --build-base /home/timi/Dev/ROS2-Publisher/build/simple_publisher_py/build install --record /home/timi/Dev/ROS2-Publisher/build/simple_publisher_py/install.log --single-version-externally-managed
[2.589s] Level 1:colcon.colcon_core.environment:checking '/home/timi/Dev/ROS2-Publisher/install/simple_publisher_py' for CMake module files
[2.589s] Level 1:colcon.colcon_core.environment:checking '/home/timi/Dev/ROS2-Publisher/install/simple_publisher_py' for CMake config files
[2.590s] Level 1:colcon.colcon_core.environment:checking '/home/timi/Dev/ROS2-Publisher/install/simple_publisher_py/lib'
[2.590s] Level 1:colcon.colcon_core.environment:checking '/home/timi/Dev/ROS2-Publisher/install/simple_publisher_py/bin'
[2.590s] Level 1:colcon.colcon_core.environment:checking '/home/timi/Dev/ROS2-Publisher/install/simple_publisher_py/lib/pkgconfig/simple_publisher_py.pc'
[2.590s] Level 1:colcon.colcon_core.environment:checking '/home/timi/Dev/ROS2-Publisher/install/simple_publisher_py/lib/python3.10/site-packages'
[2.590s] Level 1:colcon.colcon_core.shell:create_environment_hook('simple_publisher_py', 'pythonpath')
[2.600s] INFO:colcon.colcon_core.shell:Creating environment hook '/home/timi/Dev/ROS2-Publisher/install/simple_publisher_py/share/simple_publisher_py/hook/pythonpath.ps1'
[2.600s] INFO:colcon.colcon_core.shell:Creating environment descriptor '/home/timi/Dev/ROS2-Publisher/install/simple_publisher_py/share/simple_publisher_py/hook/pythonpath.dsv'
[2.600s] INFO:colcon.colcon_core.shell:Creating environment hook '/home/timi/Dev/ROS2-Publisher/install/simple_publisher_py/share/simple_publisher_py/hook/pythonpath.sh'
[2.601s] Level 1:colcon.colcon_core.environment:checking '/home/timi/Dev/ROS2-Publisher/install/simple_publisher_py/bin'
[2.601s] Level 1:colcon.colcon_core.environment:create_environment_scripts_only(simple_publisher_py)
[2.610s] INFO:colcon.colcon_core.shell:Creating package script '/home/timi/Dev/ROS2-Publisher/install/simple_publisher_py/share/simple_publisher_py/package.ps1'
[2.611s] INFO:colcon.colcon_core.shell:Creating package descriptor '/home/timi/Dev/ROS2-Publisher/install/simple_publisher_py/share/simple_publisher_py/package.dsv'
[2.612s] INFO:colcon.colcon_core.shell:Creating package script '/home/timi/Dev/ROS2-Publisher/install/simple_publisher_py/share/simple_publisher_py/package.sh'
[2.613s] INFO:colcon.colcon_core.shell:Creating package script '/home/timi/Dev/ROS2-Publisher/install/simple_publisher_py/share/simple_publisher_py/package.bash'
[2.613s] INFO:colcon.colcon_core.shell:Creating package script '/home/timi/Dev/ROS2-Publisher/install/simple_publisher_py/share/simple_publisher_py/package.zsh'
[2.614s] Level 1:colcon.colcon_core.environment:create_file_with_runtime_dependencies(/home/timi/Dev/ROS2-Publisher/install/simple_publisher_py/share/colcon-core/packages/simple_publisher_py)
[2.615s] DEBUG:colcon.colcon_parallel_executor.executor.parallel:closing loop
[2.615s] DEBUG:colcon.colcon_parallel_executor.executor.parallel:loop closed
[2.615s] DEBUG:colcon.colcon_parallel_executor.executor.parallel:run_until_complete finished with '0'
[2.615s] DEBUG:colcon.colcon_core.event_reactor:joining thread
[2.659s] INFO:colcon.colcon_core.plugin_system:Skipping extension 'colcon_notification.desktop_notification.terminal_notifier': Not used on non-Darwin systems
[2.659s] INFO:colcon.colcon_core.plugin_system:Skipping extension 'colcon_notification.desktop_notification.win32': Not used on non-Windows systems
[2.659s] INFO:colcon.colcon_notification.desktop_notification:Sending desktop notification using 'notify2'
[2.706s] DEBUG:colcon.colcon_core.event_reactor:joined thread
[2.724s] INFO:colcon.colcon_core.shell:Creating prefix script '/home/timi/Dev/ROS2-Publisher/install/local_setup.ps1'
[2.725s] INFO:colcon.colcon_core.shell:Creating prefix util module '/home/timi/Dev/ROS2-Publisher/install/_local_setup_util_ps1.py'
[2.733s] INFO:colcon.colcon_core.shell:Creating prefix chain script '/home/timi/Dev/ROS2-Publisher/install/setup.ps1'
[2.753s] INFO:colcon.colcon_core.shell:Creating prefix script '/home/timi/Dev/ROS2-Publisher/install/local_setup.sh'
[2.754s] INFO:colcon.colcon_core.shell:Creating prefix util module '/home/timi/Dev/ROS2-Publisher/install/_local_setup_util_sh.py'
[2.754s] INFO:colcon.colcon_core.shell:Creating prefix chain script '/home/timi/Dev/ROS2-Publisher/install/setup.sh'
[2.789s] INFO:colcon.colcon_core.shell:Creating prefix script '/home/timi/Dev/ROS2-Publisher/install/local_setup.bash'
[2.790s] INFO:colcon.colcon_core.shell:Creating prefix chain script '/home/timi/Dev/ROS2-Publisher/install/setup.bash'
[2.808s] INFO:colcon.colcon_core.shell:Creating prefix script '/home/timi/Dev/ROS2-Publisher/install/local_setup.zsh'
[2.809s] INFO:colcon.colcon_core.shell:Creating prefix chain script '/home/timi/Dev/ROS2-Publisher/install/setup.zsh'
